<?xml version="1.0" encoding="UTF-8"?>
<testng-results skipped="0" failed="0" ignored="0" total="2" passed="2">
  <reporter-output>
  </reporter-output>
  <suite name="Default suite" duration-ms="61061" started-at="2020-10-02T19:48:01 IST" finished-at="2020-10-02T19:49:02 IST">
    <groups>
    </groups>
    <test name="Default test" duration-ms="61061" started-at="2020-10-02T19:48:01 IST" finished-at="2020-10-02T19:49:02 IST">
      <class name="Demo.orangeHrmWebsite">
        <test-method status="PASS" signature="beforeTest()[pri:0, instance:Demo.orangeHrmWebsite@1c3a4799]" name="beforeTest" is-config="true" duration-ms="17594" started-at="2020-10-02T19:48:01 IST" finished-at="2020-10-02T19:48:18 IST">
          <reporter-output>
          </reporter-output>
        </test-method> <!-- beforeTest -->
        <test-method status="PASS" signature="f(java.lang.String, java.lang.String)[pri:0, instance:Demo.orangeHrmWebsite@1c3a4799]" name="f" duration-ms="14833" started-at="2020-10-02T19:48:18 IST" data-provider="dp" finished-at="2020-10-02T19:48:33 IST">
          <params>
            <param index="0">
              <value>
                <![CDATA[Admin]]>
              </value>
            </param>
            <param index="1">
              <value>
                <![CDATA[admin123]]>
              </value>
            </param>
          </params>
          <reporter-output>
          </reporter-output>
        </test-method> <!-- f -->
        <test-method status="PASS" signature="f(java.lang.String, java.lang.String)[pri:0, instance:Demo.orangeHrmWebsite@1c3a4799]" name="f" duration-ms="8450" started-at="2020-10-02T19:48:33 IST" data-provider="dp" finished-at="2020-10-02T19:48:42 IST">
          <params>
            <param index="0">
              <value>
                <![CDATA[linda.anderson]]>
              </value>
            </param>
            <param index="1">
              <value>
                <![CDATA[linda.anderson]]>
              </value>
            </param>
          </params>
          <reporter-output>
          </reporter-output>
        </test-method> <!-- f -->
        <test-method status="PASS" signature="afterTest()[pri:0, instance:Demo.orangeHrmWebsite@1c3a4799]" name="afterTest" is-config="true" duration-ms="20142" started-at="2020-10-02T19:48:42 IST" finished-at="2020-10-02T19:49:02 IST">
          <reporter-output>
          </reporter-output>
        </test-method> <!-- afterTest -->
      </class> <!-- Demo.orangeHrmWebsite -->
    </test> <!-- Default test -->
  </suite> <!-- Default suite -->
</testng-results>
